<?xml version="1.0" encoding="UTF-8"?>
<!-- Generated by org.testng.reporters.JUnitReportReporter -->
<testsuite hostname="ALISHA" failures="0" tests="1" name="com.testvagrant.test.TestClass" time="56.293" errors="0" timestamp="2022-05-03T13:35:15 IST" skipped="0">
  <testcase classname="com.testvagrant.test.TestClass" name="wikipedia" time="56.293"/>
  <system-out/>
</testsuite> <!-- com.testvagrant.test.TestClass -->
